d:\qt_code\listrsync\qmrsync2\qmrsync2\release\moc_rsync_thread.obj
d:\qt_code\listrsync\qmrsync2\qmrsync2\release\moc_rsync_download_thread.obj
d:\qt_code\listrsync\qmrsync2\qmrsync2\release\t_rsync_stream.obj
d:\qt_code\listrsync\qmrsync2\qmrsync2\release\t_rsync_fileutil.obj
d:\qt_code\listrsync\qmrsync2\qmrsync2\release\t_rsync_entry.obj
d:\qt_code\listrsync\qmrsync2\qmrsync2\release\t_rsync_client.obj
d:\qt_code\listrsync\qmrsync2\qmrsync2\release\rsync_thread.obj
d:\qt_code\listrsync\qmrsync2\qmrsync2\generatedfiles\release\moc_rsync_download_thread.cpp
d:\qt_code\listrsync\qmrsync2\qmrsync2\generatedfiles\release\moc_rsync_thread.cpp
e:\renderg\qmrsync2\qmrsync2\release\moc_rsync_download_thread.obj
e:\renderg\qmrsync2\qmrsync2\release\moc_rsync_thread.obj
e:\renderg\qmrsync2\qmrsync2\release\rsync_thread.obj
e:\renderg\qmrsync2\qmrsync2\release\t_rsync_client.obj
e:\renderg\qmrsync2\qmrsync2\release\t_rsync_entry.obj
e:\renderg\qmrsync2\qmrsync2\release\t_rsync_fileutil.obj
e:\renderg\qmrsync2\qmrsync2\release\t_rsync_stream.obj
e:\renderg\qmrsync2\qmrsync2\release\qmrsync2.tlog\cl.command.1.tlog
e:\renderg\qmrsync2\qmrsync2\release\qmrsync2.tlog\cl.read.1.tlog
e:\renderg\qmrsync2\qmrsync2\release\qmrsync2.tlog\cl.write.1.tlog
e:\renderg\qmrsync2\qmrsync2\release\qmrsync2.tlog\custombuild.command.1.tlog
e:\renderg\qmrsync2\qmrsync2\release\qmrsync2.tlog\custombuild.read.1.tlog
e:\renderg\qmrsync2\qmrsync2\release\qmrsync2.tlog\custombuild.write.1.tlog
