  rsync_client.cpp
..\acrosync-library\rsync\rsync_client.cpp(17): fatal error C1083: 无法打开包括文件: “rsync/rsync_client.h”: No such file or directory
  rsync_entry.cpp
..\acrosync-library\rsync\rsync_entry.cpp(16): fatal error C1083: 无法打开包括文件: “rsync/rsync_entry.h”: No such file or directory
  rsync_file.cpp
..\acrosync-library\rsync\rsync_file.cpp(17): fatal error C1083: 无法打开包括文件: “rsync/rsync_file.h”: No such file or directory
  rsync_io.cpp
..\acrosync-library\rsync\rsync_io.cpp(16): fatal error C1083: 无法打开包括文件: “rsync/rsync_io.h”: No such file or directory
  rsync_log.cpp
..\acrosync-library\rsync\rsync_log.cpp(16): fatal error C1083: 无法打开包括文件: “rsync/rsync_log.h”: No such file or directory
  rsync_pathutil.cpp
..\acrosync-library\rsync\rsync_pathutil.cpp(16): fatal error C1083: 无法打开包括文件: “rsync/rsync_pathutil.h”: No such file or directory
  rsync_socketio.cpp
..\acrosync-library\rsync\rsync_socketio.cpp(16): fatal error C1083: 无法打开包括文件: “rsync/rsync_socketio.h”: No such file or directory
  rsync_socketutil.cpp
..\acrosync-library\rsync\rsync_socketutil.cpp(42): fatal error C1083: 无法打开包括文件: “rsync/rsync_socketutil.h”: No such file or directory
  rsync_sshio.cpp
..\acrosync-library\rsync\rsync_sshio.cpp(16): fatal error C1083: 无法打开包括文件: “rsync/rsync_sshio.h”: No such file or directory
  rsync_stream.cpp
..\acrosync-library\rsync\rsync_stream.cpp(17): fatal error C1083: 无法打开包括文件: “rsync/rsync_stream.h”: No such file or directory
  rsync_timeutil.cpp
..\acrosync-library\rsync\rsync_timeutil.cpp(16): fatal error C1083: 无法打开包括文件: “rsync/rsync_timeutil.h”: No such file or directory
  rsync_util.cpp
..\acrosync-library\rsync\rsync_util.cpp(16): fatal error C1083: 无法打开包括文件: “rsync/rsync_util.h”: No such file or directory
  main.cpp
main.cpp(25): fatal error C1083: 无法打开包括文件: “rsync/rsync_client.h”: No such file or directory
  rsync_download_thread.cpp
rsync_download_thread.cpp(29): fatal error C1083: 无法打开包括文件: “rsync/rsync_client.h”: No such file or directory
  正在生成代码...
