e:\renderg\qmrsync2\qmrsync2\debug\vc140.pdb
e:\renderg\qmrsync2\qmrsync2\debug\download_thread.obj
e:\renderg\qmrsync2\qmrsync2\debug\main.obj
e:\renderg\qmrsync2\qmrsync2\debug\moc_download_thread.obj
e:\renderg\qmrsync2\qmrsync2\debug\rsync_util.obj
e:\renderg\qmrsync2\qmrsync2\debug\rsync_timeutil.obj
e:\renderg\qmrsync2\qmrsync2\debug\rsync_stream.obj
e:\renderg\qmrsync2\qmrsync2\debug\rsync_sshio.obj
e:\renderg\qmrsync2\qmrsync2\debug\rsync_socketutil.obj
e:\renderg\qmrsync2\qmrsync2\debug\rsync_socketio.obj
e:\renderg\qmrsync2\qmrsync2\debug\rsync_pathutil.obj
e:\renderg\qmrsync2\qmrsync2\debug\rsync_log.obj
e:\renderg\qmrsync2\qmrsync2\debug\rsync_io.obj
e:\renderg\qmrsync2\qmrsync2\debug\rsync_file.obj
e:\renderg\qmrsync2\qmrsync2\debug\rsync_entry.obj
e:\renderg\qmrsync2\qmrsync2\debug\downloadmain.obj
e:\renderg\qmrsync2\qmrsync2\debug\download.obj
e:\renderg\qmrsync2\qmrsync2\debug\rsync_client.obj
e:\renderg\qmrsync2\qmrsync2\generatedfiles\debug\moc_download_thread.cpp
e:\renderg\qmrsync2\win32\debug\qmrsync2.ilk
e:\renderg\qmrsync2\win32\debug\qmrsync2.exe
e:\renderg\qmrsync2\win32\debug\qmrsync2.pdb
e:\renderg\qmrsync2\qmrsync2\debug\vcpkg.applocal.log
e:\renderg\qmrsync2\qmrsync2\debug\qmrsync2.tlog\cl.command.1.tlog
e:\renderg\qmrsync2\qmrsync2\debug\qmrsync2.tlog\cl.read.1.tlog
e:\renderg\qmrsync2\qmrsync2\debug\qmrsync2.tlog\cl.write.1.tlog
e:\renderg\qmrsync2\qmrsync2\debug\qmrsync2.tlog\custombuild.command.1.tlog
e:\renderg\qmrsync2\qmrsync2\debug\qmrsync2.tlog\custombuild.read.1.tlog
e:\renderg\qmrsync2\qmrsync2\debug\qmrsync2.tlog\custombuild.write.1.tlog
e:\renderg\qmrsync2\qmrsync2\debug\qmrsync2.tlog\link.12444-cvtres.read.1.tlog
e:\renderg\qmrsync2\qmrsync2\debug\qmrsync2.tlog\link.12444-cvtres.write.1.tlog
e:\renderg\qmrsync2\qmrsync2\debug\qmrsync2.tlog\link.12444-rc.read.1.tlog
e:\renderg\qmrsync2\qmrsync2\debug\qmrsync2.tlog\link.12444-rc.write.1.tlog
e:\renderg\qmrsync2\qmrsync2\debug\qmrsync2.tlog\link.12444.read.1.tlog
e:\renderg\qmrsync2\qmrsync2\debug\qmrsync2.tlog\link.12444.write.1.tlog
e:\renderg\qmrsync2\qmrsync2\debug\qmrsync2.tlog\link.command.1.tlog
e:\renderg\qmrsync2\qmrsync2\debug\qmrsync2.tlog\link.read.1.tlog
e:\renderg\qmrsync2\qmrsync2\debug\qmrsync2.tlog\link.write.1.tlog
e:\renderg\qmrsync2\qmrsync2\debug\qmrsync2.tlog\qmrsync2.write.1u.tlog
